{"/workspaces/Jiancha-Travel-Reservation-System-focus-on-car-rental-reservation-/implementations/backend/src/app.js": {"path":"/workspaces/Jiancha-Travel-Reservation-System-focus-on-car-rental-reservation-/implementations/backend/src/app.js","statementMap":{"0":{"start":{"line":1,"column":16},"end":{"line":1,"column":34}},"1":{"start":{"line":2,"column":13},"end":{"line":2,"column":28}},"2":{"start":{"line":3,"column":18},"end":{"line":3,"column":47}},"3":{"start":{"line":5,"column":19},"end":{"line":5,"column":49}},"4":{"start":{"line":6,"column":18},"end":{"line":6,"column":47}},"5":{"start":{"line":7,"column":22},"end":{"line":7,"column":55}},"6":{"start":{"line":8,"column":20},"end":{"line":8,"column":51}},"7":{"start":{"line":10,"column":12},"end":{"line":10,"column":21}},"8":{"start":{"line":12,"column":0},"end":{"line":12,"column":26}},"9":{"start":{"line":15,"column":0},"end":{"line":21,"column":4}},"10":{"start":{"line":22,"column":0},"end":{"line":22,"column":25}},"11":{"start":{"line":24,"column":0},"end":{"line":24,"column":24}},"12":{"start":{"line":25,"column":0},"end":{"line":25,"column":59}},"13":{"start":{"line":27,"column":0},"end":{"line":27,"column":33}},"14":{"start":{"line":28,"column":0},"end":{"line":28,"column":32}},"15":{"start":{"line":29,"column":0},"end":{"line":29,"column":40}},"16":{"start":{"line":30,"column":0},"end":{"line":30,"column":35}},"17":{"start":{"line":32,"column":0},"end":{"line":32,"column":61}},"18":{"start":{"line":32,"column":33},"end":{"line":32,"column":59}},"19":{"start":{"line":34,"column":0},"end":{"line":34,"column":21}}},"fnMap":{"0":{"name":"(anonymous_0)","decl":{"start":{"line":32,"column":19},"end":{"line":32,"column":20}},"loc":{"start":{"line":32,"column":33},"end":{"line":32,"column":59}},"line":32}},"branchMap":{},"s":{"0":4,"1":4,"2":4,"3":4,"4":4,"5":4,"6":4,"7":4,"8":4,"9":4,"10":4,"11":4,"12":4,"13":4,"14":4,"15":4,"16":4,"17":4,"18":0,"19":4},"f":{"0":0},"b":{},"_coverageSchema":"1a1c01bbd47fc00a2c39e90264f33305004495a9","hash":"21775780c1d9e15489096899a50ebc6e028cca53"}
,"/workspaces/Jiancha-Travel-Reservation-System-focus-on-car-rental-reservation-/implementations/backend/src/server.js": {"path":"/workspaces/Jiancha-Travel-Reservation-System-focus-on-car-rental-reservation-/implementations/backend/src/server.js","statementMap":{"0":{"start":{"line":1,"column":0},"end":{"line":1,"column":27}},"1":{"start":{"line":2,"column":12},"end":{"line":2,"column":28}},"2":{"start":{"line":4,"column":13},"end":{"line":4,"column":37}},"3":{"start":{"line":5,"column":0},"end":{"line":7,"column":3}},"4":{"start":{"line":6,"column":2},"end":{"line":6,"column":60}}},"fnMap":{"0":{"name":"(anonymous_0)","decl":{"start":{"line":5,"column":17},"end":{"line":5,"column":18}},"loc":{"start":{"line":5,"column":23},"end":{"line":7,"column":1}},"line":5}},"branchMap":{"0":{"loc":{"start":{"line":4,"column":13},"end":{"line":4,"column":37}},"type":"binary-expr","locations":[{"start":{"line":4,"column":13},"end":{"line":4,"column":29}},{"start":{"line":4,"column":33},"end":{"line":4,"column":37}}],"line":4}},"s":{"0":0,"1":0,"2":0,"3":0,"4":0},"f":{"0":0},"b":{"0":[0,0]}}
,"/workspaces/Jiancha-Travel-Reservation-System-focus-on-car-rental-reservation-/implementations/backend/src/controllers/authController.js": {"path":"/workspaces/Jiancha-Travel-Reservation-System-focus-on-car-rental-reservation-/implementations/backend/src/controllers/authController.js","statementMap":{"0":{"start":{"line":1,"column":15},"end":{"line":1,"column":34}},"1":{"start":{"line":2,"column":12},"end":{"line":2,"column":35}},"2":{"start":{"line":3,"column":11},"end":{"line":3,"column":36}},"3":{"start":{"line":5,"column":17},"end":{"line":22,"column":1}},"4":{"start":{"line":6,"column":2},"end":{"line":21,"column":3}},"5":{"start":{"line":7,"column":38},"end":{"line":7,"column":46}},"6":{"start":{"line":8,"column":4},"end":{"line":9,"column":74}},"7":{"start":{"line":9,"column":6},"end":{"line":9,"column":74}},"8":{"start":{"line":11,"column":23},"end":{"line":11,"column":86}},"9":{"start":{"line":12,"column":4},"end":{"line":13,"column":71}},"10":{"start":{"line":13,"column":6},"end":{"line":13,"column":71}},"11":{"start":{"line":15,"column":19},"end":{"line":15,"column":50}},"12":{"start":{"line":16,"column":4},"end":{"line":16,"column":104}},"13":{"start":{"line":18,"column":4},"end":{"line":18,"column":65}},"14":{"start":{"line":20,"column":4},"end":{"line":20,"column":74}},"15":{"start":{"line":24,"column":14},"end":{"line":49,"column":1}},"16":{"start":{"line":25,"column":2},"end":{"line":48,"column":3}},"17":{"start":{"line":26,"column":32},"end":{"line":26,"column":40}},"18":{"start":{"line":27,"column":4},"end":{"line":28,"column":74}},"19":{"start":{"line":28,"column":6},"end":{"line":28,"column":74}},"20":{"start":{"line":30,"column":20},"end":{"line":30,"column":82}},"21":{"start":{"line":31,"column":4},"end":{"line":32,"column":70}},"22":{"start":{"line":32,"column":6},"end":{"line":32,"column":70}},"23":{"start":{"line":34,"column":17},"end":{"line":34,"column":25}},"24":{"start":{"line":35,"column":18},"end":{"line":35,"column":63}},"25":{"start":{"line":36,"column":4},"end":{"line":37,"column":70}},"26":{"start":{"line":37,"column":6},"end":{"line":37,"column":70}},"27":{"start":{"line":39,"column":18},"end":{"line":43,"column":5}},"28":{"start":{"line":45,"column":4},"end":{"line":45,"column":100}},"29":{"start":{"line":47,"column":4},"end":{"line":47,"column":74}},"30":{"start":{"line":51,"column":0},"end":{"line":51,"column":37}}},"fnMap":{"0":{"name":"(anonymous_0)","decl":{"start":{"line":5,"column":17},"end":{"line":5,"column":18}},"loc":{"start":{"line":5,"column":37},"end":{"line":22,"column":1}},"line":5},"1":{"name":"(anonymous_1)","decl":{"start":{"line":24,"column":14},"end":{"line":24,"column":15}},"loc":{"start":{"line":24,"column":34},"end":{"line":49,"column":1}},"line":24}},"branchMap":{"0":{"loc":{"start":{"line":8,"column":4},"end":{"line":9,"column":74}},"type":"if","locations":[{"start":{"line":8,"column":4},"end":{"line":9,"column":74}},{"start":{},"end":{}}],"line":8},"1":{"loc":{"start":{"line":8,"column":8},"end":{"line":8,"column":36}},"type":"binary-expr","locations":[{"start":{"line":8,"column":8},"end":{"line":8,"column":13}},{"start":{"line":8,"column":17},"end":{"line":8,"column":23}},{"start":{"line":8,"column":27},"end":{"line":8,"column":36}}],"line":8},"2":{"loc":{"start":{"line":12,"column":4},"end":{"line":13,"column":71}},"type":"if","locations":[{"start":{"line":12,"column":4},"end":{"line":13,"column":71}},{"start":{},"end":{}}],"line":12},"3":{"loc":{"start":{"line":27,"column":4},"end":{"line":28,"column":74}},"type":"if","locations":[{"start":{"line":27,"column":4},"end":{"line":28,"column":74}},{"start":{},"end":{}}],"line":27},"4":{"loc":{"start":{"line":27,"column":8},"end":{"line":27,"column":27}},"type":"binary-expr","locations":[{"start":{"line":27,"column":8},"end":{"line":27,"column":14}},{"start":{"line":27,"column":18},"end":{"line":27,"column":27}}],"line":27},"5":{"loc":{"start":{"line":31,"column":4},"end":{"line":32,"column":70}},"type":"if","locations":[{"start":{"line":31,"column":4},"end":{"line":32,"column":70}},{"start":{},"end":{}}],"line":31},"6":{"loc":{"start":{"line":36,"column":4},"end":{"line":37,"column":70}},"type":"if","locations":[{"start":{"line":36,"column":4},"end":{"line":37,"column":70}},{"start":{},"end":{}}],"line":36}},"s":{"0":4,"1":4,"2":4,"3":4,"4":6,"5":6,"6":6,"7":1,"8":5,"9":5,"10":1,"11":4,"12":4,"13":4,"14":0,"15":4,"16":5,"17":5,"18":5,"19":0,"20":5,"21":5,"22":0,"23":5,"24":5,"25":5,"26":1,"27":4,"28":4,"29":0,"30":4},"f":{"0":6,"1":5},"b":{"0":[1,5],"1":[6,5,5],"2":[1,4],"3":[0,5],"4":[5,5],"5":[0,5],"6":[1,4]},"_coverageSchema":"1a1c01bbd47fc00a2c39e90264f33305004495a9","hash":"7bbe5ff6fe86a14a2b98f7d4e57a812a90dab702"}
,"/workspaces/Jiancha-Travel-Reservation-System-focus-on-car-rental-reservation-/implementations/backend/src/controllers/bookingController.js": {"path":"/workspaces/Jiancha-Travel-Reservation-System-focus-on-car-rental-reservation-/implementations/backend/src/controllers/bookingController.js","statementMap":{"0":{"start":{"line":1,"column":11},"end":{"line":1,"column":36}},"1":{"start":{"line":3,"column":26},"end":{"line":3,"column":63}},"2":{"start":{"line":4,"column":25},"end":{"line":4,"column":27}},"3":{"start":{"line":6,"column":22},"end":{"line":55,"column":1}},"4":{"start":{"line":7,"column":2},"end":{"line":54,"column":3}},"5":{"start":{"line":8,"column":61},"end":{"line":8,"column":69}},"6":{"start":{"line":9,"column":20},"end":{"line":9,"column":31}},"7":{"start":{"line":11,"column":4},"end":{"line":12,"column":74}},"8":{"start":{"line":12,"column":6},"end":{"line":12,"column":74}},"9":{"start":{"line":15,"column":18},"end":{"line":15,"column":28}},"10":{"start":{"line":16,"column":4},"end":{"line":16,"column":31}},"11":{"start":{"line":17,"column":26},"end":{"line":17,"column":47}},"12":{"start":{"line":18,"column":4},"end":{"line":18,"column":39}},"13":{"start":{"line":20,"column":4},"end":{"line":21,"column":84}},"14":{"start":{"line":21,"column":6},"end":{"line":21,"column":84}},"15":{"start":{"line":23,"column":19},"end":{"line":23,"column":102}},"16":{"start":{"line":24,"column":4},"end":{"line":25,"column":68}},"17":{"start":{"line":25,"column":6},"end":{"line":25,"column":68}},"18":{"start":{"line":27,"column":16},"end":{"line":27,"column":23}},"19":{"start":{"line":28,"column":17},"end":{"line":28,"column":99}},"20":{"start":{"line":29,"column":4},"end":{"line":30,"column":64}},"21":{"start":{"line":30,"column":6},"end":{"line":30,"column":64}},"22":{"start":{"line":33,"column":4},"end":{"line":34,"column":124}},"23":{"start":{"line":34,"column":6},"end":{"line":34,"column":124}},"24":{"start":{"line":36,"column":22},"end":{"line":36,"column":46}},"25":{"start":{"line":39,"column":4},"end":{"line":43,"column":5}},"26":{"start":{"line":40,"column":6},"end":{"line":42,"column":7}},"27":{"start":{"line":41,"column":8},"end":{"line":41,"column":77}},"28":{"start":{"line":45,"column":4},"end":{"line":48,"column":6}},"29":{"start":{"line":49,"column":4},"end":{"line":49,"column":82}},"30":{"start":{"line":51,"column":4},"end":{"line":51,"column":70}},"31":{"start":{"line":53,"column":4},"end":{"line":53,"column":74}},"32":{"start":{"line":58,"column":22},"end":{"line":70,"column":1}},"33":{"start":{"line":59,"column":2},"end":{"line":69,"column":3}},"34":{"start":{"line":60,"column":23},"end":{"line":65,"column":5}},"35":{"start":{"line":66,"column":4},"end":{"line":66,"column":23}},"36":{"start":{"line":68,"column":4},"end":{"line":68,"column":74}},"37":{"start":{"line":72,"column":22},"end":{"line":102,"column":1}},"38":{"start":{"line":73,"column":2},"end":{"line":101,"column":3}},"39":{"start":{"line":74,"column":19},"end":{"line":74,"column":29}},"40":{"start":{"line":75,"column":20},"end":{"line":75,"column":31}},"41":{"start":{"line":78,"column":23},"end":{"line":81,"column":5}},"42":{"start":{"line":83,"column":4},"end":{"line":84,"column":68}},"43":{"start":{"line":84,"column":6},"end":{"line":84,"column":68}},"44":{"start":{"line":86,"column":20},"end":{"line":86,"column":31}},"45":{"start":{"line":89,"column":4},"end":{"line":90,"column":84}},"46":{"start":{"line":90,"column":6},"end":{"line":90,"column":84}},"47":{"start":{"line":93,"column":4},"end":{"line":93,"column":85}},"48":{"start":{"line":96,"column":4},"end":{"line":96,"column":89}},"49":{"start":{"line":98,"column":4},"end":{"line":98,"column":60}},"50":{"start":{"line":100,"column":4},"end":{"line":100,"column":74}},"51":{"start":{"line":104,"column":19},"end":{"line":131,"column":1}},"52":{"start":{"line":105,"column":2},"end":{"line":130,"column":3}},"53":{"start":{"line":106,"column":19},"end":{"line":106,"column":29}},"54":{"start":{"line":107,"column":20},"end":{"line":107,"column":31}},"55":{"start":{"line":110,"column":23},"end":{"line":113,"column":5}},"56":{"start":{"line":115,"column":4},"end":{"line":116,"column":68}},"57":{"start":{"line":116,"column":6},"end":{"line":116,"column":68}},"58":{"start":{"line":118,"column":20},"end":{"line":118,"column":31}},"59":{"start":{"line":121,"column":4},"end":{"line":122,"column":86}},"60":{"start":{"line":122,"column":6},"end":{"line":122,"column":86}},"61":{"start":{"line":125,"column":4},"end":{"line":125,"column":85}},"62":{"start":{"line":127,"column":4},"end":{"line":127,"column":113}},"63":{"start":{"line":129,"column":4},"end":{"line":129,"column":74}},"64":{"start":{"line":133,"column":0},"end":{"line":133,"column":77}}},"fnMap":{"0":{"name":"(anonymous_0)","decl":{"start":{"line":6,"column":22},"end":{"line":6,"column":23}},"loc":{"start":{"line":6,"column":42},"end":{"line":55,"column":1}},"line":6},"1":{"name":"(anonymous_1)","decl":{"start":{"line":58,"column":22},"end":{"line":58,"column":23}},"loc":{"start":{"line":58,"column":42},"end":{"line":70,"column":1}},"line":58},"2":{"name":"(anonymous_2)","decl":{"start":{"line":72,"column":22},"end":{"line":72,"column":23}},"loc":{"start":{"line":72,"column":42},"end":{"line":102,"column":1}},"line":72},"3":{"name":"(anonymous_3)","decl":{"start":{"line":104,"column":19},"end":{"line":104,"column":20}},"loc":{"start":{"line":104,"column":39},"end":{"line":131,"column":1}},"line":104}},"branchMap":{"0":{"loc":{"start":{"line":11,"column":4},"end":{"line":12,"column":74}},"type":"if","locations":[{"start":{"line":11,"column":4},"end":{"line":12,"column":74}},{"start":{},"end":{}}],"line":11},"1":{"loc":{"start":{"line":11,"column":8},"end":{"line":11,"column":47}},"type":"binary-expr","locations":[{"start":{"line":11,"column":8},"end":{"line":11,"column":15}},{"start":{"line":11,"column":19},"end":{"line":11,"column":31}},{"start":{"line":11,"column":35},"end":{"line":11,"column":47}}],"line":11},"2":{"loc":{"start":{"line":20,"column":4},"end":{"line":21,"column":84}},"type":"if","locations":[{"start":{"line":20,"column":4},"end":{"line":21,"column":84}},{"start":{},"end":{}}],"line":20},"3":{"loc":{"start":{"line":24,"column":4},"end":{"line":25,"column":68}},"type":"if","locations":[{"start":{"line":24,"column":4},"end":{"line":25,"column":68}},{"start":{},"end":{}}],"line":24},"4":{"loc":{"start":{"line":29,"column":4},"end":{"line":30,"column":64}},"type":"if","locations":[{"start":{"line":29,"column":4},"end":{"line":30,"column":64}},{"start":{},"end":{}}],"line":29},"5":{"loc":{"start":{"line":33,"column":4},"end":{"line":34,"column":124}},"type":"if","locations":[{"start":{"line":33,"column":4},"end":{"line":34,"column":124}},{"start":{},"end":{}}],"line":33},"6":{"loc":{"start":{"line":39,"column":4},"end":{"line":43,"column":5}},"type":"if","locations":[{"start":{"line":39,"column":4},"end":{"line":43,"column":5}},{"start":{},"end":{}}],"line":39},"7":{"loc":{"start":{"line":40,"column":6},"end":{"line":42,"column":7}},"type":"if","locations":[{"start":{"line":40,"column":6},"end":{"line":42,"column":7}},{"start":{},"end":{}}],"line":40},"8":{"loc":{"start":{"line":83,"column":4},"end":{"line":84,"column":68}},"type":"if","locations":[{"start":{"line":83,"column":4},"end":{"line":84,"column":68}},{"start":{},"end":{}}],"line":83},"9":{"loc":{"start":{"line":89,"column":4},"end":{"line":90,"column":84}},"type":"if","locations":[{"start":{"line":89,"column":4},"end":{"line":90,"column":84}},{"start":{},"end":{}}],"line":89},"10":{"loc":{"start":{"line":115,"column":4},"end":{"line":116,"column":68}},"type":"if","locations":[{"start":{"line":115,"column":4},"end":{"line":116,"column":68}},{"start":{},"end":{}}],"line":115},"11":{"loc":{"start":{"line":121,"column":4},"end":{"line":122,"column":86}},"type":"if","locations":[{"start":{"line":121,"column":4},"end":{"line":122,"column":86}},{"start":{},"end":{}}],"line":121}},"s":{"0":4,"1":4,"2":4,"3":4,"4":7,"5":7,"6":7,"7":7,"8":1,"9":6,"10":6,"11":6,"12":6,"13":6,"14":1,"15":5,"16":5,"17":0,"18":5,"19":5,"20":5,"21":0,"22":5,"23":1,"24":4,"25":4,"26":2,"27":1,"28":4,"29":4,"30":4,"31":0,"32":4,"33":1,"34":1,"35":1,"36":0,"37":4,"38":0,"39":0,"40":0,"41":0,"42":0,"43":0,"44":0,"45":0,"46":0,"47":0,"48":0,"49":0,"50":0,"51":4,"52":1,"53":1,"54":1,"55":1,"56":1,"57":1,"58":0,"59":0,"60":0,"61":0,"62":0,"63":0,"64":4},"f":{"0":7,"1":1,"2":0,"3":1},"b":{"0":[1,6],"1":[7,7,6],"2":[1,5],"3":[0,5],"4":[0,5],"5":[1,4],"6":[2,2],"7":[1,1],"8":[0,0],"9":[0,0],"10":[1,0],"11":[0,0]},"_coverageSchema":"1a1c01bbd47fc00a2c39e90264f33305004495a9","hash":"3d5c878b3a21f2884a752b6cc7b981321d8f0265"}
,"/workspaces/Jiancha-Travel-Reservation-System-focus-on-car-rental-reservation-/implementations/backend/src/controllers/carController.js": {"path":"/workspaces/Jiancha-Travel-Reservation-System-focus-on-car-rental-reservation-/implementations/backend/src/controllers/carController.js","statementMap":{"0":{"start":{"line":1,"column":11},"end":{"line":1,"column":36}},"1":{"start":{"line":3,"column":19},"end":{"line":17,"column":1}},"2":{"start":{"line":4,"column":2},"end":{"line":16,"column":3}},"3":{"start":{"line":5,"column":31},"end":{"line":5,"column":40}},"4":{"start":{"line":6,"column":16},"end":{"line":6,"column":62}},"5":{"start":{"line":7,"column":19},"end":{"line":7,"column":21}},"6":{"start":{"line":9,"column":4},"end":{"line":9,"column":74}},"7":{"start":{"line":9,"column":20},"end":{"line":9,"column":49}},"8":{"start":{"line":9,"column":50},"end":{"line":9,"column":72}},"9":{"start":{"line":10,"column":4},"end":{"line":10,"column":62}},"10":{"start":{"line":10,"column":16},"end":{"line":10,"column":41}},"11":{"start":{"line":10,"column":42},"end":{"line":10,"column":60}},"12":{"start":{"line":12,"column":19},"end":{"line":12,"column":48}},"13":{"start":{"line":13,"column":4},"end":{"line":13,"column":19}},"14":{"start":{"line":15,"column":4},"end":{"line":15,"column":74}},"15":{"start":{"line":19,"column":19},"end":{"line":28,"column":1}},"16":{"start":{"line":20,"column":2},"end":{"line":27,"column":3}},"17":{"start":{"line":21,"column":19},"end":{"line":21,"column":85}},"18":{"start":{"line":22,"column":4},"end":{"line":23,"column":64}},"19":{"start":{"line":23,"column":6},"end":{"line":23,"column":64}},"20":{"start":{"line":24,"column":4},"end":{"line":24,"column":22}},"21":{"start":{"line":26,"column":4},"end":{"line":26,"column":74}},"22":{"start":{"line":30,"column":0},"end":{"line":30,"column":44}}},"fnMap":{"0":{"name":"(anonymous_0)","decl":{"start":{"line":3,"column":19},"end":{"line":3,"column":20}},"loc":{"start":{"line":3,"column":39},"end":{"line":17,"column":1}},"line":3},"1":{"name":"(anonymous_1)","decl":{"start":{"line":19,"column":19},"end":{"line":19,"column":20}},"loc":{"start":{"line":19,"column":39},"end":{"line":28,"column":1}},"line":19}},"branchMap":{"0":{"loc":{"start":{"line":9,"column":4},"end":{"line":9,"column":74}},"type":"if","locations":[{"start":{"line":9,"column":4},"end":{"line":9,"column":74}},{"start":{},"end":{}}],"line":9},"1":{"loc":{"start":{"line":10,"column":4},"end":{"line":10,"column":62}},"type":"if","locations":[{"start":{"line":10,"column":4},"end":{"line":10,"column":62}},{"start":{},"end":{}}],"line":10},"2":{"loc":{"start":{"line":22,"column":4},"end":{"line":23,"column":64}},"type":"if","locations":[{"start":{"line":22,"column":4},"end":{"line":23,"column":64}},{"start":{},"end":{}}],"line":22}},"s":{"0":4,"1":4,"2":3,"3":3,"4":3,"5":3,"6":3,"7":1,"8":1,"9":3,"10":1,"11":1,"12":3,"13":3,"14":0,"15":4,"16":2,"17":2,"18":2,"19":1,"20":1,"21":0,"22":4},"f":{"0":3,"1":2},"b":{"0":[1,2],"1":[1,2],"2":[1,1]},"_coverageSchema":"1a1c01bbd47fc00a2c39e90264f33305004495a9","hash":"fede34f68442896c83788d1906a3c73c8239ae81"}
,"/workspaces/Jiancha-Travel-Reservation-System-focus-on-car-rental-reservation-/implementations/backend/src/controllers/staffCarController.js": {"path":"/workspaces/Jiancha-Travel-Reservation-System-focus-on-car-rental-reservation-/implementations/backend/src/controllers/staffCarController.js","statementMap":{"0":{"start":{"line":1,"column":11},"end":{"line":1,"column":36}},"1":{"start":{"line":4,"column":19},"end":{"line":11,"column":1}},"2":{"start":{"line":5,"column":2},"end":{"line":10,"column":3}},"3":{"start":{"line":6,"column":19},"end":{"line":6,"column":80}},"4":{"start":{"line":7,"column":4},"end":{"line":7,"column":19}},"5":{"start":{"line":9,"column":4},"end":{"line":9,"column":74}},"6":{"start":{"line":14,"column":15},"end":{"line":35,"column":1}},"7":{"start":{"line":15,"column":2},"end":{"line":34,"column":3}},"8":{"start":{"line":16,"column":75},"end":{"line":16,"column":83}},"9":{"start":{"line":19,"column":4},"end":{"line":21,"column":5}},"10":{"start":{"line":20,"column":6},"end":{"line":20,"column":74}},"11":{"start":{"line":23,"column":21},"end":{"line":26,"column":5}},"12":{"start":{"line":28,"column":4},"end":{"line":31,"column":7}},"13":{"start":{"line":33,"column":4},"end":{"line":33,"column":74}},"14":{"start":{"line":38,"column":18},"end":{"line":60,"column":1}},"15":{"start":{"line":39,"column":2},"end":{"line":59,"column":3}},"16":{"start":{"line":40,"column":19},"end":{"line":40,"column":29}},"17":{"start":{"line":41,"column":89},"end":{"line":41,"column":97}},"18":{"start":{"line":43,"column":4},"end":{"line":45,"column":5}},"19":{"start":{"line":44,"column":6},"end":{"line":44,"column":74}},"20":{"start":{"line":47,"column":21},"end":{"line":50,"column":5}},"21":{"start":{"line":52,"column":4},"end":{"line":54,"column":5}},"22":{"start":{"line":53,"column":6},"end":{"line":53,"column":64}},"23":{"start":{"line":56,"column":4},"end":{"line":56,"column":54}},"24":{"start":{"line":58,"column":4},"end":{"line":58,"column":74}},"25":{"start":{"line":63,"column":18},"end":{"line":87,"column":1}},"26":{"start":{"line":64,"column":2},"end":{"line":86,"column":3}},"27":{"start":{"line":65,"column":19},"end":{"line":65,"column":29}},"28":{"start":{"line":68,"column":24},"end":{"line":71,"column":5}},"29":{"start":{"line":73,"column":4},"end":{"line":75,"column":5}},"30":{"start":{"line":74,"column":6},"end":{"line":74,"column":89}},"31":{"start":{"line":77,"column":21},"end":{"line":77,"column":74}},"32":{"start":{"line":79,"column":4},"end":{"line":81,"column":5}},"33":{"start":{"line":80,"column":6},"end":{"line":80,"column":64}},"34":{"start":{"line":83,"column":4},"end":{"line":83,"column":54}},"35":{"start":{"line":85,"column":4},"end":{"line":85,"column":74}},"36":{"start":{"line":89,"column":0},"end":{"line":89,"column":62}}},"fnMap":{"0":{"name":"(anonymous_0)","decl":{"start":{"line":4,"column":19},"end":{"line":4,"column":20}},"loc":{"start":{"line":4,"column":39},"end":{"line":11,"column":1}},"line":4},"1":{"name":"(anonymous_1)","decl":{"start":{"line":14,"column":15},"end":{"line":14,"column":16}},"loc":{"start":{"line":14,"column":35},"end":{"line":35,"column":1}},"line":14},"2":{"name":"(anonymous_2)","decl":{"start":{"line":38,"column":18},"end":{"line":38,"column":19}},"loc":{"start":{"line":38,"column":38},"end":{"line":60,"column":1}},"line":38},"3":{"name":"(anonymous_3)","decl":{"start":{"line":63,"column":18},"end":{"line":63,"column":19}},"loc":{"start":{"line":63,"column":38},"end":{"line":87,"column":1}},"line":63}},"branchMap":{"0":{"loc":{"start":{"line":19,"column":4},"end":{"line":21,"column":5}},"type":"if","locations":[{"start":{"line":19,"column":4},"end":{"line":21,"column":5}},{"start":{},"end":{}}],"line":19},"1":{"loc":{"start":{"line":19,"column":8},"end":{"line":19,"column":82}},"type":"binary-expr","locations":[{"start":{"line":19,"column":8},"end":{"line":19,"column":14}},{"start":{"line":19,"column":18},"end":{"line":19,"column":24}},{"start":{"line":19,"column":28},"end":{"line":19,"column":33}},{"start":{"line":19,"column":37},"end":{"line":19,"column":51}},{"start":{"line":19,"column":55},"end":{"line":19,"column":69}},{"start":{"line":19,"column":73},"end":{"line":19,"column":82}}],"line":19},"2":{"loc":{"start":{"line":43,"column":4},"end":{"line":45,"column":5}},"type":"if","locations":[{"start":{"line":43,"column":4},"end":{"line":45,"column":5}},{"start":{},"end":{}}],"line":43},"3":{"loc":{"start":{"line":43,"column":8},"end":{"line":43,"column":82}},"type":"binary-expr","locations":[{"start":{"line":43,"column":8},"end":{"line":43,"column":14}},{"start":{"line":43,"column":18},"end":{"line":43,"column":24}},{"start":{"line":43,"column":28},"end":{"line":43,"column":33}},{"start":{"line":43,"column":37},"end":{"line":43,"column":51}},{"start":{"line":43,"column":55},"end":{"line":43,"column":69}},{"start":{"line":43,"column":73},"end":{"line":43,"column":82}}],"line":43},"4":{"loc":{"start":{"line":49,"column":67},"end":{"line":49,"column":115}},"type":"cond-expr","locations":[{"start":{"line":49,"column":96},"end":{"line":49,"column":108}},{"start":{"line":49,"column":111},"end":{"line":49,"column":115}}],"line":49},"5":{"loc":{"start":{"line":52,"column":4},"end":{"line":54,"column":5}},"type":"if","locations":[{"start":{"line":52,"column":4},"end":{"line":54,"column":5}},{"start":{},"end":{}}],"line":52},"6":{"loc":{"start":{"line":73,"column":4},"end":{"line":75,"column":5}},"type":"if","locations":[{"start":{"line":73,"column":4},"end":{"line":75,"column":5}},{"start":{},"end":{}}],"line":73},"7":{"loc":{"start":{"line":79,"column":4},"end":{"line":81,"column":5}},"type":"if","locations":[{"start":{"line":79,"column":4},"end":{"line":81,"column":5}},{"start":{},"end":{}}],"line":79}},"s":{"0":4,"1":4,"2":1,"3":1,"4":1,"5":0,"6":4,"7":2,"8":2,"9":2,"10":1,"11":1,"12":1,"13":0,"14":4,"15":3,"16":3,"17":3,"18":3,"19":1,"20":2,"21":2,"22":1,"23":1,"24":0,"25":4,"26":0,"27":0,"28":0,"29":0,"30":0,"31":0,"32":0,"33":0,"34":0,"35":0,"36":4},"f":{"0":1,"1":2,"2":3,"3":0},"b":{"0":[1,1],"1":[2,2,2,1,1,1],"2":[1,2],"3":[3,3,2,2,2,2],"4":[1,1],"5":[1,1],"6":[0,0],"7":[0,0]},"_coverageSchema":"1a1c01bbd47fc00a2c39e90264f33305004495a9","hash":"98b0193b82d27975b7ee6127f7fd40eb2aaf5810"}
,"/workspaces/Jiancha-Travel-Reservation-System-focus-on-car-rental-reservation-/implementations/backend/src/controllers/staffController.js": {"path":"/workspaces/Jiancha-Travel-Reservation-System-focus-on-car-rental-reservation-/implementations/backend/src/controllers/staffController.js","statementMap":{"0":{"start":{"line":1,"column":11},"end":{"line":1,"column":36}},"1":{"start":{"line":4,"column":21},"end":{"line":21,"column":1}},"2":{"start":{"line":5,"column":2},"end":{"line":20,"column":3}},"3":{"start":{"line":6,"column":29},"end":{"line":8,"column":5}},"4":{"start":{"line":9,"column":25},"end":{"line":11,"column":5}},"5":{"start":{"line":13,"column":4},"end":{"line":17,"column":7}},"6":{"start":{"line":19,"column":4},"end":{"line":19,"column":74}},"7":{"start":{"line":24,"column":29},"end":{"line":35,"column":1}},"8":{"start":{"line":25,"column":2},"end":{"line":34,"column":3}},"9":{"start":{"line":26,"column":19},"end":{"line":30,"column":39}},"10":{"start":{"line":31,"column":4},"end":{"line":31,"column":19}},"11":{"start":{"line":33,"column":4},"end":{"line":33,"column":74}},"12":{"start":{"line":38,"column":22},"end":{"line":50,"column":1}},"13":{"start":{"line":39,"column":2},"end":{"line":49,"column":3}},"14":{"start":{"line":41,"column":4},"end":{"line":41,"column":43}},"15":{"start":{"line":44,"column":4},"end":{"line":44,"column":58}},"16":{"start":{"line":46,"column":4},"end":{"line":46,"column":57}},"17":{"start":{"line":48,"column":4},"end":{"line":48,"column":74}},"18":{"start":{"line":52,"column":0},"end":{"line":52,"column":71}}},"fnMap":{"0":{"name":"(anonymous_0)","decl":{"start":{"line":4,"column":21},"end":{"line":4,"column":22}},"loc":{"start":{"line":4,"column":41},"end":{"line":21,"column":1}},"line":4},"1":{"name":"(anonymous_1)","decl":{"start":{"line":24,"column":29},"end":{"line":24,"column":30}},"loc":{"start":{"line":24,"column":49},"end":{"line":35,"column":1}},"line":24},"2":{"name":"(anonymous_2)","decl":{"start":{"line":38,"column":22},"end":{"line":38,"column":23}},"loc":{"start":{"line":38,"column":42},"end":{"line":50,"column":1}},"line":38}},"branchMap":{},"s":{"0":4,"1":4,"2":1,"3":1,"4":1,"5":1,"6":0,"7":4,"8":1,"9":1,"10":1,"11":0,"12":4,"13":1,"14":1,"15":1,"16":1,"17":0,"18":4},"f":{"0":1,"1":1,"2":1},"b":{},"_coverageSchema":"1a1c01bbd47fc00a2c39e90264f33305004495a9","hash":"7b7ec5918972953a4c1f5fd5cc436ab237cb8629"}
,"/workspaces/Jiancha-Travel-Reservation-System-focus-on-car-rental-reservation-/implementations/backend/src/database/db.js": {"path":"/workspaces/Jiancha-Travel-Reservation-System-focus-on-car-rental-reservation-/implementations/backend/src/database/db.js","statementMap":{"0":{"start":{"line":1,"column":14},"end":{"line":1,"column":39}},"1":{"start":{"line":2,"column":0},"end":{"line":2,"column":27}},"2":{"start":{"line":4,"column":13},"end":{"line":12,"column":2}},"3":{"start":{"line":14,"column":0},"end":{"line":14,"column":22}}},"fnMap":{},"branchMap":{"0":{"loc":{"start":{"line":5,"column":8},"end":{"line":5,"column":42}},"type":"binary-expr","locations":[{"start":{"line":5,"column":8},"end":{"line":5,"column":27}},{"start":{"line":5,"column":31},"end":{"line":5,"column":42}}],"line":5},"1":{"loc":{"start":{"line":6,"column":8},"end":{"line":6,"column":35}},"type":"binary-expr","locations":[{"start":{"line":6,"column":8},"end":{"line":6,"column":27}},{"start":{"line":6,"column":31},"end":{"line":6,"column":35}}],"line":6},"2":{"loc":{"start":{"line":7,"column":8},"end":{"line":7,"column":40}},"type":"binary-expr","locations":[{"start":{"line":7,"column":8},"end":{"line":7,"column":27}},{"start":{"line":7,"column":31},"end":{"line":7,"column":40}}],"line":7},"3":{"loc":{"start":{"line":8,"column":12},"end":{"line":8,"column":56}},"type":"binary-expr","locations":[{"start":{"line":8,"column":12},"end":{"line":8,"column":35}},{"start":{"line":8,"column":39},"end":{"line":8,"column":56}}],"line":8},"4":{"loc":{"start":{"line":9,"column":12},"end":{"line":9,"column":55}},"type":"binary-expr","locations":[{"start":{"line":9,"column":12},"end":{"line":9,"column":31}},{"start":{"line":9,"column":35},"end":{"line":9,"column":55}}],"line":9}},"s":{"0":4,"1":4,"2":4,"3":4},"f":{},"b":{"0":[4,0],"1":[4,0],"2":[4,0],"3":[4,0],"4":[4,0]},"_coverageSchema":"1a1c01bbd47fc00a2c39e90264f33305004495a9","hash":"17bdce3421c7f64acecab49c123f6ad8483197fe"}
,"/workspaces/Jiancha-Travel-Reservation-System-focus-on-car-rental-reservation-/implementations/backend/src/middleware/authMiddleware.js": {"path":"/workspaces/Jiancha-Travel-Reservation-System-focus-on-car-rental-reservation-/implementations/backend/src/middleware/authMiddleware.js","statementMap":{"0":{"start":{"line":1,"column":12},"end":{"line":1,"column":35}},"1":{"start":{"line":3,"column":21},"end":{"line":14,"column":1}},"2":{"start":{"line":4,"column":17},"end":{"line":4,"column":42}},"3":{"start":{"line":5,"column":2},"end":{"line":5,"column":77}},"4":{"start":{"line":5,"column":15},"end":{"line":5,"column":77}},"5":{"start":{"line":7,"column":16},"end":{"line":7,"column":36}},"6":{"start":{"line":8,"column":2},"end":{"line":13,"column":3}},"7":{"start":{"line":9,"column":4},"end":{"line":9,"column":57}},"8":{"start":{"line":10,"column":4},"end":{"line":10,"column":11}},"9":{"start":{"line":12,"column":4},"end":{"line":12,"column":55}},"10":{"start":{"line":16,"column":0},"end":{"line":16,"column":34}}},"fnMap":{"0":{"name":"(anonymous_0)","decl":{"start":{"line":3,"column":21},"end":{"line":3,"column":22}},"loc":{"start":{"line":3,"column":41},"end":{"line":14,"column":1}},"line":3}},"branchMap":{"0":{"loc":{"start":{"line":5,"column":2},"end":{"line":5,"column":77}},"type":"if","locations":[{"start":{"line":5,"column":2},"end":{"line":5,"column":77}},{"start":{},"end":{}}],"line":5}},"s":{"0":4,"1":4,"2":24,"3":24,"4":5,"5":19,"6":19,"7":19,"8":19,"9":0,"10":4},"f":{"0":24},"b":{"0":[5,19]},"_coverageSchema":"1a1c01bbd47fc00a2c39e90264f33305004495a9","hash":"cac3c9a64d02b088c3ab04daefe44a7c1c88f1cf"}
,"/workspaces/Jiancha-Travel-Reservation-System-focus-on-car-rental-reservation-/implementations/backend/src/routes/authRoutes.js": {"path":"/workspaces/Jiancha-Travel-Reservation-System-focus-on-car-rental-reservation-/implementations/backend/src/routes/authRoutes.js","statementMap":{"0":{"start":{"line":1,"column":16},"end":{"line":1,"column":34}},"1":{"start":{"line":2,"column":15},"end":{"line":2,"column":31}},"2":{"start":{"line":3,"column":28},"end":{"line":3,"column":68}},"3":{"start":{"line":5,"column":0},"end":{"line":5,"column":35}},"4":{"start":{"line":6,"column":0},"end":{"line":6,"column":29}},"5":{"start":{"line":8,"column":0},"end":{"line":8,"column":24}}},"fnMap":{},"branchMap":{},"s":{"0":4,"1":4,"2":4,"3":4,"4":4,"5":4},"f":{},"b":{},"_coverageSchema":"1a1c01bbd47fc00a2c39e90264f33305004495a9","hash":"60fa29128373627bfb0025c8b75d707157d4c0d0"}
,"/workspaces/Jiancha-Travel-Reservation-System-focus-on-car-rental-reservation-/implementations/backend/src/routes/bookingRoutes.js": {"path":"/workspaces/Jiancha-Travel-Reservation-System-focus-on-car-rental-reservation-/implementations/backend/src/routes/bookingRoutes.js","statementMap":{"0":{"start":{"line":1,"column":16},"end":{"line":1,"column":34}},"1":{"start":{"line":2,"column":15},"end":{"line":2,"column":31}},"2":{"start":{"line":3,"column":25},"end":{"line":3,"column":64}},"3":{"start":{"line":4,"column":68},"end":{"line":4,"column":111}},"4":{"start":{"line":6,"column":0},"end":{"line":6,"column":45}},"5":{"start":{"line":7,"column":0},"end":{"line":7,"column":46}},"6":{"start":{"line":8,"column":0},"end":{"line":8,"column":51}},"7":{"start":{"line":9,"column":0},"end":{"line":9,"column":49}},"8":{"start":{"line":11,"column":0},"end":{"line":11,"column":24}}},"fnMap":{},"branchMap":{},"s":{"0":4,"1":4,"2":4,"3":4,"4":4,"5":4,"6":4,"7":4,"8":4},"f":{},"b":{},"_coverageSchema":"1a1c01bbd47fc00a2c39e90264f33305004495a9","hash":"8b4c8e0f29654261a6fd29a9e6d0677e6388c8b0"}
,"/workspaces/Jiancha-Travel-Reservation-System-focus-on-car-rental-reservation-/implementations/backend/src/routes/carRoutes.js": {"path":"/workspaces/Jiancha-Travel-Reservation-System-focus-on-car-rental-reservation-/implementations/backend/src/routes/carRoutes.js","statementMap":{"0":{"start":{"line":1,"column":16},"end":{"line":1,"column":34}},"1":{"start":{"line":2,"column":15},"end":{"line":2,"column":31}},"2":{"start":{"line":3,"column":35},"end":{"line":3,"column":74}},"3":{"start":{"line":5,"column":0},"end":{"line":5,"column":28}},"4":{"start":{"line":6,"column":0},"end":{"line":6,"column":31}},"5":{"start":{"line":8,"column":0},"end":{"line":8,"column":24}}},"fnMap":{},"branchMap":{},"s":{"0":4,"1":4,"2":4,"3":4,"4":4,"5":4},"f":{},"b":{},"_coverageSchema":"1a1c01bbd47fc00a2c39e90264f33305004495a9","hash":"2d3adec8d9a9af3d2e2b1752dc1da7c87ac136ab"}
,"/workspaces/Jiancha-Travel-Reservation-System-focus-on-car-rental-reservation-/implementations/backend/src/routes/staffRoutes.js": {"path":"/workspaces/Jiancha-Travel-Reservation-System-focus-on-car-rental-reservation-/implementations/backend/src/routes/staffRoutes.js","statementMap":{"0":{"start":{"line":1,"column":16},"end":{"line":1,"column":34}},"1":{"start":{"line":2,"column":15},"end":{"line":2,"column":31}},"2":{"start":{"line":3,"column":25},"end":{"line":3,"column":64}},"3":{"start":{"line":4,"column":62},"end":{"line":4,"column":103}},"4":{"start":{"line":5,"column":53},"end":{"line":5,"column":97}},"5":{"start":{"line":8,"column":22},"end":{"line":13,"column":1}},"6":{"start":{"line":8,"column":32},"end":{"line":13,"column":1}},"7":{"start":{"line":9,"column":2},"end":{"line":11,"column":3}},"8":{"start":{"line":10,"column":4},"end":{"line":10,"column":58}},"9":{"start":{"line":12,"column":2},"end":{"line":12,"column":9}},"10":{"start":{"line":16,"column":0},"end":{"line":16,"column":77}},"11":{"start":{"line":17,"column":0},"end":{"line":17,"column":96}},"12":{"start":{"line":18,"column":0},"end":{"line":18,"column":77}},"13":{"start":{"line":21,"column":0},"end":{"line":21,"column":70}},"14":{"start":{"line":22,"column":0},"end":{"line":22,"column":67}},"15":{"start":{"line":23,"column":0},"end":{"line":23,"column":73}},"16":{"start":{"line":24,"column":0},"end":{"line":24,"column":76}},"17":{"start":{"line":26,"column":0},"end":{"line":26,"column":24}}},"fnMap":{"0":{"name":"(anonymous_0)","decl":{"start":{"line":8,"column":22},"end":{"line":8,"column":23}},"loc":{"start":{"line":8,"column":32},"end":{"line":13,"column":1}},"line":8},"1":{"name":"(anonymous_1)","decl":{"start":{"line":8,"column":32},"end":{"line":8,"column":33}},"loc":{"start":{"line":8,"column":52},"end":{"line":13,"column":1}},"line":8}},"branchMap":{"0":{"loc":{"start":{"line":9,"column":2},"end":{"line":11,"column":3}},"type":"if","locations":[{"start":{"line":9,"column":2},"end":{"line":11,"column":3}},{"start":{},"end":{}}],"line":9},"1":{"loc":{"start":{"line":9,"column":6},"end":{"line":9,"column":41}},"type":"binary-expr","locations":[{"start":{"line":9,"column":6},"end":{"line":9,"column":15}},{"start":{"line":9,"column":19},"end":{"line":9,"column":41}}],"line":9}},"s":{"0":4,"1":4,"2":4,"3":4,"4":4,"5":4,"6":28,"7":10,"8":1,"9":9,"10":4,"11":4,"12":4,"13":4,"14":4,"15":4,"16":4,"17":4},"f":{"0":28,"1":10},"b":{"0":[1,9],"1":[10,10]},"_coverageSchema":"1a1c01bbd47fc00a2c39e90264f33305004495a9","hash":"f9c1d420b554e84af8be620b8e1b4ed3fbb2c3cd"}
}
